<?xml version="1.0" encoding="UTF-8"?>
<!-- Generated by org.testng.reporters.JUnitXMLReporter -->
<testsuite ignored="0" hostname="hplaptop" failures="0" tests="4" name="Hotel Booking Test" time="71.552" errors="0" timestamp="11 Jan 2024 15:45:29 GMT">
  <testcase classname="com.hotel.testcase.LoginTestcase" name="loginTC" time="2.926"/>
  <testcase classname="com.hotel.testcase.SearchTestcase" name="loginTC" time="5.429"/>
  <testcase classname="com.hotel.testcase.LogoutTestCase" name="loginTC" time="2.883"/>
  <testcase classname="com.hotel.testcase.CancelTestcase" name="loginTC" time="7.336"/>
</testsuite> <!-- Hotel Booking Test -->
