<?xml version="1.0" encoding="UTF-8"?>
<testng-results ignored="0" total="1" passed="0" failed="1" skipped="0">
  <reporter-output>
  </reporter-output>
  <suite started-at="2023-12-16T13:17:49Z" name="Default suite" finished-at="2023-12-16T13:18:10Z" duration-ms="21540">
    <groups>
    </groups>
    <test started-at="2023-12-16T13:17:49Z" name="Default test" finished-at="2023-12-16T13:18:10Z" duration-ms="21540">
      <class name="com.hotel.testcase.RegisterTestcase01">
        <test-method is-config="true" signature="setUp(java.lang.String)[pri:0, instance:com.hotel.testcase.RegisterTestcase01@265adfad]" started-at="2023-12-16T13:17:49Z" name="setUp" finished-at="2023-12-16T13:18:03Z" duration-ms="14009" status="PASS">
          <params>
            <param index="0">
              <value>
                <![CDATA[brow]]>
              </value>
            </param>
          </params>
          <reporter-output>
          </reporter-output>
        </test-method> <!-- setUp -->
        <test-method signature="testCase01()[pri:0, instance:com.hotel.testcase.RegisterTestcase01@265adfad]" started-at="2023-12-16T13:18:03Z" name="testCase01" finished-at="2023-12-16T13:18:10Z" duration-ms="7469" status="FAIL">
          <exception class="java.lang.Error">
            <message>
              <![CDATA[Invalid memory access]]>
            </message>
            <full-stacktrace>
              <![CDATA[java.lang.Error: Invalid memory access
at com.sun.jna.Native.invokePointer(Native Method)
at com.sun.jna.Function.invokePointer(Function.java:497)
at com.sun.jna.Function.invoke(Function.java:441)
at com.sun.jna.Function.invoke(Function.java:361)
at com.sun.jna.Library$Handler.invoke(Library.java:270)
at jdk.proxy2/jdk.proxy2.$Proxy16.TessBaseAPIGetUTF8Text(Unknown Source)
at net.sourceforge.tess4j.Tesseract.getOCRText(Tesseract.java:532)
at net.sourceforge.tess4j.Tesseract.doOCR(Tesseract.java:374)
at net.sourceforge.tess4j.Tesseract.doOCR(Tesseract.java:243)
at net.sourceforge.tess4j.Tesseract.doOCR(Tesseract.java:210)
at com.hotel.pojoclass.RegisterPojo.setCaptchaimg(RegisterPojo.java:121)
at com.hotel.testcase.RegisterTestcase01.testCase01(RegisterTestcase01.java:22)
at java.base/jdk.internal.reflect.NativeMethodAccessorImpl.invoke0(Native Method)
at java.base/jdk.internal.reflect.NativeMethodAccessorImpl.invoke(NativeMethodAccessorImpl.java:77)
at java.base/jdk.internal.reflect.DelegatingMethodAccessorImpl.invoke(DelegatingMethodAccessorImpl.java:43)
at java.base/java.lang.reflect.Method.invoke(Method.java:568)
at org.testng.internal.MethodInvocationHelper.invokeMethod(MethodInvocationHelper.java:124)
at org.testng.internal.Invoker.invokeMethod(Invoker.java:583)
at org.testng.internal.Invoker.invokeTestMethod(Invoker.java:719)
at org.testng.internal.Invoker.invokeTestMethods(Invoker.java:989)
at org.testng.internal.TestMethodWorker.invokeTestMethods(TestMethodWorker.java:125)
at org.testng.internal.TestMethodWorker.run(TestMethodWorker.java:109)
at org.testng.TestRunner.privateRun(TestRunner.java:648)
at org.testng.TestRunner.run(TestRunner.java:505)
at org.testng.SuiteRunner.runTest(SuiteRunner.java:455)
at org.testng.SuiteRunner.runSequentially(SuiteRunner.java:450)
at org.testng.SuiteRunner.privateRun(SuiteRunner.java:415)
at org.testng.SuiteRunner.run(SuiteRunner.java:364)
at org.testng.SuiteRunnerWorker.runSuite(SuiteRunnerWorker.java:52)
at org.testng.SuiteRunnerWorker.run(SuiteRunnerWorker.java:84)
at org.testng.TestNG.runSuitesSequentially(TestNG.java:1208)
at org.testng.TestNG.runSuitesLocally(TestNG.java:1137)
at org.testng.TestNG.runSuites(TestNG.java:1049)
at org.testng.TestNG.run(TestNG.java:1017)
at org.testng.remote.AbstractRemoteTestNG.run(AbstractRemoteTestNG.java:115)
at org.testng.remote.RemoteTestNG.initAndRun(RemoteTestNG.java:251)
at org.testng.remote.RemoteTestNG.main(RemoteTestNG.java:77)
]]>
            </full-stacktrace>
          </exception> <!-- java.lang.Error -->
          <reporter-output>
          </reporter-output>
        </test-method> <!-- testCase01 -->
        <test-method is-config="true" signature="tearDown()[pri:0, instance:com.hotel.testcase.RegisterTestcase01@265adfad]" started-at="2023-12-16T13:18:10Z" name="tearDown" finished-at="2023-12-16T13:18:10Z" duration-ms="2" status="PASS">
          <reporter-output>
          </reporter-output>
        </test-method> <!-- tearDown -->
      </class> <!-- com.hotel.testcase.RegisterTestcase01 -->
    </test> <!-- Default test -->
  </suite> <!-- Default suite -->
</testng-results>
