<?xml version="1.0" encoding="UTF-8"?>
<testng-results ignored="0" total="4" passed="4" failed="0" skipped="0">
  <reporter-output>
  </reporter-output>
  <suite started-at="2024-01-11T15:44:17Z" name="Hotel Booking Suite" finished-at="2024-01-11T15:45:29Z" duration-ms="71552">
    <groups>
    </groups>
    <test started-at="2024-01-11T15:44:17Z" name="Hotel Booking Test" finished-at="2024-01-11T15:45:29Z" duration-ms="71552">
      <class name="com.hotel.testcase.SearchTestcase">
        <test-method is-config="true" signature="setUp(java.lang.String)[pri:0, instance:com.hotel.testcase.SearchTestcase@3cee53dc]" started-at="2024-01-11T15:44:47Z" name="setUp" finished-at="2024-01-11T15:44:54Z" duration-ms="7336" status="PASS">
          <params>
            <param index="0">
              <value>
                <![CDATA[chrome]]>
              </value>
            </param>
          </params>
          <reporter-output>
          </reporter-output>
        </test-method> <!-- setUp -->
        <test-method signature="loginTC(java.lang.String, java.lang.String, java.lang.String, java.lang.String, java.lang.String, java.lang.String, java.lang.String, java.lang.String, java.lang.String, java.lang.String)[pri:0, instance:com.hotel.testcase.SearchTestcase@3cee53dc]" started-at="2024-01-11T15:44:54Z" name="loginTC" data-provider="search" finished-at="2024-01-11T15:45:00Z" duration-ms="5429" status="PASS">
          <params>
            <param index="0">
              <value>
                <![CDATA[usernamedemo]]>
              </value>
            </param>
            <param index="1">
              <value>
                <![CDATA[12345demo]]>
              </value>
            </param>
            <param index="2">
              <value>
                <![CDATA[New York]]>
              </value>
            </param>
            <param index="3">
              <value>
                <![CDATA[Hotel Sunshine]]>
              </value>
            </param>
            <param index="4">
              <value>
                <![CDATA[Super Deluxe]]>
              </value>
            </param>
            <param index="5">
              <value>
                <![CDATA[1-One]]>
              </value>
            </param>
            <param index="6">
              <value>
                <![CDATA[12-00-2024]]>
              </value>
            </param>
            <param index="7">
              <value>
                <![CDATA[13-00-2024]]>
              </value>
            </param>
            <param index="8">
              <value>
                <![CDATA[1-One]]>
              </value>
            </param>
            <param index="9">
              <value>
                <![CDATA[0-None]]>
              </value>
            </param>
          </params>
          <reporter-output>
          </reporter-output>
        </test-method> <!-- loginTC -->
        <test-method is-config="true" signature="tearDown()[pri:0, instance:com.hotel.testcase.SearchTestcase@3cee53dc]" started-at="2024-01-11T15:45:00Z" name="tearDown" finished-at="2024-01-11T15:45:01Z" duration-ms="790" status="PASS">
          <reporter-output>
          </reporter-output>
        </test-method> <!-- tearDown -->
      </class> <!-- com.hotel.testcase.SearchTestcase -->
      <class name="com.hotel.testcase.LoginTestcase">
        <test-method is-config="true" signature="setUp(java.lang.String)[pri:0, instance:com.hotel.testcase.LoginTestcase@50194e8d]" started-at="2024-01-11T15:44:25Z" name="setUp" finished-at="2024-01-11T15:44:41Z" duration-ms="16089" status="PASS">
          <params>
            <param index="0">
              <value>
                <![CDATA[chrome]]>
              </value>
            </param>
          </params>
          <reporter-output>
          </reporter-output>
        </test-method> <!-- setUp -->
        <test-method signature="loginTC(java.lang.String, java.lang.String)[pri:0, instance:com.hotel.testcase.LoginTestcase@50194e8d]" started-at="2024-01-11T15:44:41Z" name="loginTC" data-provider="login" finished-at="2024-01-11T15:44:44Z" duration-ms="2926" status="PASS">
          <params>
            <param index="0">
              <value>
                <![CDATA[usernamedemo]]>
              </value>
            </param>
            <param index="1">
              <value>
                <![CDATA[12345demo]]>
              </value>
            </param>
          </params>
          <reporter-output>
          </reporter-output>
        </test-method> <!-- loginTC -->
        <test-method is-config="true" signature="tearDown()[pri:0, instance:com.hotel.testcase.LoginTestcase@50194e8d]" started-at="2024-01-11T15:44:45Z" name="tearDown" finished-at="2024-01-11T15:44:45Z" duration-ms="782" status="PASS">
          <reporter-output>
          </reporter-output>
        </test-method> <!-- tearDown -->
      </class> <!-- com.hotel.testcase.LoginTestcase -->
      <class name="com.hotel.testcase.LogoutTestCase">
        <test-method is-config="true" signature="setUp(java.lang.String)[pri:0, instance:com.hotel.testcase.LogoutTestCase@290aeb20]" started-at="2024-01-11T15:45:01Z" name="setUp" finished-at="2024-01-11T15:45:09Z" duration-ms="7815" status="PASS">
          <params>
            <param index="0">
              <value>
                <![CDATA[chrome]]>
              </value>
            </param>
          </params>
          <reporter-output>
          </reporter-output>
        </test-method> <!-- setUp -->
        <test-method signature="loginTC(java.lang.String, java.lang.String)[pri:0, instance:com.hotel.testcase.LogoutTestCase@290aeb20]" started-at="2024-01-11T15:45:09Z" name="loginTC" data-provider="logout" finished-at="2024-01-11T15:45:12Z" duration-ms="2883" status="PASS">
          <params>
            <param index="0">
              <value>
                <![CDATA[usernamedemo]]>
              </value>
            </param>
            <param index="1">
              <value>
                <![CDATA[12345demo]]>
              </value>
            </param>
          </params>
          <reporter-output>
          </reporter-output>
        </test-method> <!-- loginTC -->
        <test-method is-config="true" signature="tearDown()[pri:0, instance:com.hotel.testcase.LogoutTestCase@290aeb20]" started-at="2024-01-11T15:45:12Z" name="tearDown" finished-at="2024-01-11T15:45:13Z" duration-ms="989" status="PASS">
          <reporter-output>
          </reporter-output>
        </test-method> <!-- tearDown -->
      </class> <!-- com.hotel.testcase.LogoutTestCase -->
      <class name="com.hotel.testcase.CancelTestcase">
        <test-method is-config="true" signature="setUp(java.lang.String)[pri:0, instance:com.hotel.testcase.CancelTestcase@73ad4ecc]" started-at="2024-01-11T15:45:13Z" name="setUp" finished-at="2024-01-11T15:45:20Z" duration-ms="7077" status="PASS">
          <params>
            <param index="0">
              <value>
                <![CDATA[chrome]]>
              </value>
            </param>
          </params>
          <reporter-output>
          </reporter-output>
        </test-method> <!-- setUp -->
        <test-method signature="loginTC(java.lang.String, java.lang.String, java.lang.String, java.lang.String, java.lang.String, java.lang.String, java.lang.String, java.lang.String, java.lang.String, java.lang.String)[pri:0, instance:com.hotel.testcase.CancelTestcase@73ad4ecc]" started-at="2024-01-11T15:45:20Z" name="loginTC" data-provider="cancel" finished-at="2024-01-11T15:45:28Z" duration-ms="7336" status="PASS">
          <params>
            <param index="0">
              <value>
                <![CDATA[usernamedemo]]>
              </value>
            </param>
            <param index="1">
              <value>
                <![CDATA[12345demo]]>
              </value>
            </param>
            <param index="2">
              <value>
                <![CDATA[New York]]>
              </value>
            </param>
            <param index="3">
              <value>
                <![CDATA[Hotel Cornice]]>
              </value>
            </param>
            <param index="4">
              <value>
                <![CDATA[Super Deluxe]]>
              </value>
            </param>
            <param index="5">
              <value>
                <![CDATA[10-Ten]]>
              </value>
            </param>
            <param index="6">
              <value>
                <![CDATA[24-00-2023]]>
              </value>
            </param>
            <param index="7">
              <value>
                <![CDATA[25-00-2023]]>
              </value>
            </param>
            <param index="8">
              <value>
                <![CDATA[2-One]]>
              </value>
            </param>
            <param index="9">
              <value>
                <![CDATA[1-None]]>
              </value>
            </param>
          </params>
          <reporter-output>
          </reporter-output>
        </test-method> <!-- loginTC -->
        <test-method is-config="true" signature="tearDown()[pri:0, instance:com.hotel.testcase.CancelTestcase@73ad4ecc]" started-at="2024-01-11T15:45:28Z" name="tearDown" finished-at="2024-01-11T15:45:29Z" duration-ms="1272" status="PASS">
          <reporter-output>
          </reporter-output>
        </test-method> <!-- tearDown -->
      </class> <!-- com.hotel.testcase.CancelTestcase -->
    </test> <!-- Hotel Booking Test -->
  </suite> <!-- Hotel Booking Suite -->
</testng-results>
