<?xml version="1.0" encoding="UTF-8"?>
<!-- Generated by org.testng.reporters.JUnitXMLReporter -->
<testsuite ignored="0" hostname="hplaptop" failures="1" tests="1" name="test" time="36.283" errors="0" timestamp="11 Jan 2024 14:42:46 GMT">
  <testcase classname="com.hotel.testcase.RegisterTestcase" name="testCase01" time="3.786">
    <failure type="java.io.IOException" message="The filename, directory name, or volume label syntax is incorrect">
      <![CDATA[java.io.IOException: The filename, directory name, or volume label syntax is incorrect
at java.base/java.io.WinNTFileSystem.canonicalize0(Native Method)
at java.base/java.io.WinNTFileSystem.canonicalize(WinNTFileSystem.java:438)
at java.base/java.io.File.getCanonicalPath(File.java:618)
at org.apache.commons.io.FileUtils.requireCanonicalPathsNotEquals(FileUtils.java:2601)
at org.apache.commons.io.FileUtils.copyFile(FileUtils.java:842)
at org.apache.commons.io.FileUtils.copyFile(FileUtils.java:756)
at com.hotel.pojoclass.RegisterPojo.setCaptchaimg(RegisterPojo.java:153)
at com.hotel.testcase.RegisterTestcase.testCase01(RegisterTestcase.java:30)
... Removed 25 stack frames]]>
    </failure>
  </testcase> <!-- testCase01 -->
</testsuite> <!-- test -->
